Using pre-set license
Built from '2021.3/staging' branch; Version is '2021.3.25f1 (68ef2c4f8861) revision 6876972'; Using compiler version '192829333'; Build Type 'Release'
OS: 'Windows 10  (10.0.19045) 64bit Professional' Language: 'ru' Physical Memory: 8141 MB
BatchMode: 1, IsHumanControllingUs: 0, StartBugReporterOnCrash: 0, Is64bit: 1, IsPro: 1

COMMAND LINE ARGUMENTS:
D:\Code\Unity\Editor\2021.3.25f1\Editor\Unity.exe
-adb2
-batchMode
-noUpm
-name
AssetImportWorker2
-projectPath
D:/Code/Unity/CoopProjects/PistoletovGame/Game
-logFile
Logs/AssetImportWorker2.log
-srvPort
54655
Successfully changed project path to: D:/Code/Unity/CoopProjects/PistoletovGame/Game
D:/Code/Unity/CoopProjects/PistoletovGame/Game
[UnityMemory] Configuration Parameters - Can be set up in boot.config
    "memorysetup-bucket-allocator-granularity=16"
    "memorysetup-bucket-allocator-bucket-count=8"
    "memorysetup-bucket-allocator-block-size=33554432"
    "memorysetup-bucket-allocator-block-count=8"
    "memorysetup-main-allocator-block-size=16777216"
    "memorysetup-thread-allocator-block-size=16777216"
    "memorysetup-gfx-main-allocator-block-size=16777216"
    "memorysetup-gfx-thread-allocator-block-size=16777216"
    "memorysetup-cache-allocator-block-size=4194304"
    "memorysetup-typetree-allocator-block-size=2097152"
    "memorysetup-profiler-bucket-allocator-granularity=16"
    "memorysetup-profiler-bucket-allocator-bucket-count=8"
    "memorysetup-profiler-bucket-allocator-block-size=33554432"
    "memorysetup-profiler-bucket-allocator-block-count=8"
    "memorysetup-profiler-allocator-block-size=16777216"
    "memorysetup-profiler-editor-allocator-block-size=1048576"
    "memorysetup-temp-allocator-size-main=16777216"
    "memorysetup-job-temp-allocator-block-size=2097152"
    "memorysetup-job-temp-allocator-block-size-background=1048576"
    "memorysetup-job-temp-allocator-reduction-small-platforms=262144"
    "memorysetup-temp-allocator-size-background-worker=32768"
    "memorysetup-temp-allocator-size-job-worker=262144"
    "memorysetup-temp-allocator-size-preload-manager=33554432"
    "memorysetup-temp-allocator-size-nav-mesh-worker=65536"
    "memorysetup-temp-allocator-size-audio-worker=65536"
    "memorysetup-temp-allocator-size-cloud-worker=32768"
    "memorysetup-temp-allocator-size-gi-baking-worker=262144"
    "memorysetup-temp-allocator-size-gfx=262144"
Player connection [484] Host "[IP] 192.168.1.118 [Port] 0 [Flags] 2 [Guid] 1050049049 [EditorId] 1050049049 [Version] 1048832 [Id] WindowsEditor(7,DESKTOP-AJ6IRLC) [Debug] 1 [PackageName] WindowsEditor [ProjectName] Editor" joined multi-casting on [225.0.0.222:54997]...

Player connection [484] Host "[IP] 192.168.1.118 [Port] 0 [Flags] 2 [Guid] 1050049049 [EditorId] 1050049049 [Version] 1048832 [Id] WindowsEditor(7,DESKTOP-AJ6IRLC) [Debug] 1 [PackageName] WindowsEditor [ProjectName] Editor" joined alternative multi-casting on [225.0.0.222:34997]...

Refreshing native plugins compatible for Editor in 93.53 ms, found 3 plugins.
Preloading 0 native plugins for Editor in 0.00 ms.
Initialize engine version: 2021.3.25f1 (68ef2c4f8861)
[Subsystems] Discovering subsystems at path D:/Code/Unity/Editor/2021.3.25f1/Editor/Data/Resources/UnitySubsystems
[Subsystems] Discovering subsystems at path D:/Code/Unity/CoopProjects/PistoletovGame/Game/Assets
GfxDevice: creating device client; threaded=0; jobified=0
Direct3D:
    Version:  Direct3D 11.0 [level 11.1]
    Renderer: NVIDIA GeForce GTX 1660 (ID=0x2184)
    Vendor:   NVIDIA
    VRAM:     5980 MB
    Driver:   31.0.15.2849
Initialize mono
Mono path[0] = 'D:/Code/Unity/Editor/2021.3.25f1/Editor/Data/Managed'
Mono path[1] = 'D:/Code/Unity/Editor/2021.3.25f1/Editor/Data/MonoBleedingEdge/lib/mono/unityjit-win32'
Mono config path = 'D:/Code/Unity/Editor/2021.3.25f1/Editor/Data/MonoBleedingEdge/etc'
Using monoOptions --debugger-agent=transport=dt_socket,embedding=1,server=y,suspend=n,address=127.0.0.1:56764
Begin MonoManager ReloadAssembly
Registering precompiled unity dll's ...
Register platform support module: D:/Code/Unity/Editor/2021.3.25f1/Editor/Data/PlaybackEngines/WebGLSupport/UnityEditor.WebGL.Extensions.dll
Register platform support module: D:/Code/Unity/Editor/2021.3.25f1/Editor/Data/PlaybackEngines/WindowsStandaloneSupport/UnityEditor.WindowsStandalone.Extensions.dll
Registered in 0.005417 seconds.
Native extension for WindowsStandalone target not found
Native extension for WebGL target not found
Refreshing native plugins compatible for Editor in 93.64 ms, found 3 plugins.
Preloading 0 native plugins for Editor in 0.00 ms.
Mono: successfully reloaded assembly
- Completed reload, in  0.903 seconds
Domain Reload Profiling:
	ReloadAssembly (904ms)
		BeginReloadAssembly (118ms)
			ExecutionOrderSort (0ms)
			DisableScriptedObjects (0ms)
			BackupInstance (0ms)
			ReleaseScriptingObjects (0ms)
			CreateAndSetChildDomain (1ms)
		EndReloadAssembly (633ms)
			LoadAssemblies (117ms)
			RebuildTransferFunctionScriptingTraits (0ms)
			SetupTypeCache (152ms)
			ReleaseScriptCaches (0ms)
			RebuildScriptCaches (34ms)
			SetupLoadedEditorAssemblies (387ms)
				LogAssemblyErrors (0ms)
				InitializePlatformSupportModulesInManaged (10ms)
				SetLoadedEditorAssemblies (0ms)
				RefreshPlugins (94ms)
				BeforeProcessingInitializeOnLoad (2ms)
				ProcessInitializeOnLoadAttributes (202ms)
				ProcessInitializeOnLoadMethodAttributes (80ms)
				AfterProcessingInitializeOnLoad (0ms)
				EditorAssembliesLoaded (0ms)
			ExecutionOrderSort2 (0ms)
			AwakeInstancesAfterBackupRestoration (0ms)
Platform modules already initialized, skipping
Registering precompiled user dll's ...
Registered in 0.010645 seconds.
Begin MonoManager ReloadAssembly
Symbol file LoadedFromMemory doesn't match image D:\Code\Unity\CoopProjects\PistoletovGame\Game\Library\PackageCache\com.unity.visualscripting@1.8.0\Editor\VisualScripting.Core\Dependencies\YamlDotNet\Unity.VisualScripting.YamlDotNet.dll
Symbol file LoadedFromMemory doesn't match image D:\Code\Unity\CoopProjects\PistoletovGame\Game\Library\PackageCache\com.unity.visualscripting@1.8.0\Editor\VisualScripting.Core\Dependencies\DotNetZip\Unity.VisualScripting.IonicZip.dll
Native extension for WindowsStandalone target not found
Native extension for WebGL target not found
Refreshing native plugins compatible for Editor in 0.63 ms, found 3 plugins.
Preloading 0 native plugins for Editor in 0.00 ms.
Mono: successfully reloaded assembly
- Completed reload, in  1.392 seconds
Domain Reload Profiling:
	ReloadAssembly (1393ms)
		BeginReloadAssembly (151ms)
			ExecutionOrderSort (0ms)
			DisableScriptedObjects (8ms)
			BackupInstance (0ms)
			ReleaseScriptingObjects (0ms)
			CreateAndSetChildDomain (22ms)
		EndReloadAssembly (1106ms)
			LoadAssemblies (115ms)
			RebuildTransferFunctionScriptingTraits (0ms)
			SetupTypeCache (353ms)
			ReleaseScriptCaches (1ms)
			RebuildScriptCaches (60ms)
			SetupLoadedEditorAssemblies (547ms)
				LogAssemblyErrors (0ms)
				InitializePlatformSupportModulesInManaged (7ms)
				SetLoadedEditorAssemblies (1ms)
				RefreshPlugins (1ms)
				BeforeProcessingInitializeOnLoad (102ms)
				ProcessInitializeOnLoadAttributes (408ms)
				ProcessInitializeOnLoadMethodAttributes (24ms)
				AfterProcessingInitializeOnLoad (5ms)
				EditorAssembliesLoaded (0ms)
			ExecutionOrderSort2 (0ms)
			AwakeInstancesAfterBackupRestoration (8ms)
Platform modules already initialized, skipping
========================================================================
Worker process is ready to serve import requests
Launched and connected shader compiler UnityShaderCompiler.exe after 0.07 seconds
Refreshing native plugins compatible for Editor in 0.93 ms, found 3 plugins.
Preloading 0 native plugins for Editor in 0.00 ms.
Unloading 3094 Unused Serialized files (Serialized files now loaded: 0)
Unloading 35 unused Assets / (116.1 KB). Loaded Objects now: 3563.
Memory consumption went from 134.8 MB to 134.6 MB.
Total: 4.831400 ms (FindLiveObjects: 0.356100 ms CreateObjectMapping: 0.123400 ms MarkObjects: 4.148300 ms  DeleteObjects: 0.201900 ms)

AssetImportParameters requested are different than current active one (requested -> active):
  custom:video-decoder-ogg-theora: a1e56fd34408186e4bbccfd4996cb3dc -> 
  custom:container-muxer-webm: aa71ff27fc2769a1b78a27578f13a17b -> 
  custom:container-demuxer-webm: 4f35f7cbe854078d1ac9338744f61a02 -> 
  custom:video-encoder-webm-vp8: eb34c28f22e8b96e1ab97ce403110664 -> 
  custom:audio-encoder-webm-vorbis: bf7c407c2cedff20999df2af8eb42d56 -> 
  custom:framework-win-MediaFoundation: 216162199b28c13a410421893ffa2e32 -> 
  custom:container-demuxer-ogg: 62fdf1f143b41e24485cea50d1cbac27 -> 
  custom:video-decoder-webm-vp8: 9c59270c3fd7afecdb556c50c9e8de78 -> 
  custom:audio-decoder-ogg-vorbis: bf7c407c2cedff20999df2af8eb42d56 -> 
========================================================================
Received Import Request.
  Time since last request: 37271.593557 seconds.
  path: Assets/laxer Assets/Terrain Shader/Textures/stone height.png
  artifactKey: Guid(7ea6608a04ee9a64a899acbe2fc709e1) Importer(815301076,1909f56bfc062723c751e8b465ee728b)
Start importing Assets/laxer Assets/Terrain Shader/Textures/stone height.png using Guid(7ea6608a04ee9a64a899acbe2fc709e1) Importer(815301076,1909f56bfc062723c751e8b465ee728b)  -> (artifact id: 'c3d19b0d77403c96e511a29ac748e104') in 0.391384 seconds 
========================================================================
Received Import Request.
  Time since last request: 18.570011 seconds.
  path: Assets/Ground.asset
  artifactKey: Guid(3542c99bd9e9f9f4fa3457a99891110a) Importer(815301076,1909f56bfc062723c751e8b465ee728b)
Start importing Assets/Ground.asset using Guid(3542c99bd9e9f9f4fa3457a99891110a) Importer(815301076,1909f56bfc062723c751e8b465ee728b)  -> (artifact id: 'b3bd39a907c07680da99afcc347b17c4') in 0.054385 seconds 
========================================================================
Received Prepare
Registering precompiled user dll's ...
Registered in 0.012069 seconds.
Begin MonoManager ReloadAssembly
Symbol file LoadedFromMemory doesn't match image D:\Code\Unity\CoopProjects\PistoletovGame\Game\Library\PackageCache\com.unity.visualscripting@1.8.0\Editor\VisualScripting.Core\Dependencies\YamlDotNet\Unity.VisualScripting.YamlDotNet.dll
Symbol file LoadedFromMemory doesn't match image D:\Code\Unity\CoopProjects\PistoletovGame\Game\Library\PackageCache\com.unity.visualscripting@1.8.0\Editor\VisualScripting.Core\Dependencies\DotNetZip\Unity.VisualScripting.IonicZip.dll
Native extension for WindowsStandalone target not found
Native extension for WebGL target not found
Refreshing native plugins compatible for Editor in 0.82 ms, found 3 plugins.
Preloading 0 native plugins for Editor in 0.00 ms.
Mono: successfully reloaded assembly
- Completed reload, in  1.435 seconds
Domain Reload Profiling:
	ReloadAssembly (1436ms)
		BeginReloadAssembly (203ms)
			ExecutionOrderSort (0ms)
			DisableScriptedObjects (7ms)
			BackupInstance (0ms)
			ReleaseScriptingObjects (0ms)
			CreateAndSetChildDomain (45ms)
		EndReloadAssembly (1095ms)
			LoadAssemblies (144ms)
			RebuildTransferFunctionScriptingTraits (0ms)
			SetupTypeCache (323ms)
			ReleaseScriptCaches (1ms)
			RebuildScriptCaches (48ms)
			SetupLoadedEditorAssemblies (552ms)
				LogAssemblyErrors (0ms)
				InitializePlatformSupportModulesInManaged (8ms)
				SetLoadedEditorAssemblies (1ms)
				RefreshPlugins (1ms)
				BeforeProcessingInitializeOnLoad (170ms)
				ProcessInitializeOnLoadAttributes (343ms)
				ProcessInitializeOnLoadMethodAttributes (23ms)
				AfterProcessingInitializeOnLoad (5ms)
				EditorAssembliesLoaded (0ms)
			ExecutionOrderSort2 (0ms)
			AwakeInstancesAfterBackupRestoration (9ms)
Platform modules already initialized, skipping
Refreshing native plugins compatible for Editor in 2.83 ms, found 3 plugins.
Preloading 0 native plugins for Editor in 0.00 ms.
Unloading 3079 Unused Serialized files (Serialized files now loaded: 0)
Unloading 27 unused Assets / (83.5 KB). Loaded Objects now: 3569.
Memory consumption went from 133.7 MB to 133.6 MB.
Total: 4.156200 ms (FindLiveObjects: 0.317400 ms CreateObjectMapping: 0.099600 ms MarkObjects: 3.597000 ms  DeleteObjects: 0.140900 ms)

AssetImportParameters requested are different than current active one (requested -> active):
  custom:video-decoder-ogg-theora: a1e56fd34408186e4bbccfd4996cb3dc -> 
  custom:container-muxer-webm: aa71ff27fc2769a1b78a27578f13a17b -> 
  custom:container-demuxer-webm: 4f35f7cbe854078d1ac9338744f61a02 -> 
  custom:video-encoder-webm-vp8: eb34c28f22e8b96e1ab97ce403110664 -> 
  custom:audio-encoder-webm-vorbis: bf7c407c2cedff20999df2af8eb42d56 -> 
  custom:framework-win-MediaFoundation: 216162199b28c13a410421893ffa2e32 -> 
  custom:container-demuxer-ogg: 62fdf1f143b41e24485cea50d1cbac27 -> 
  custom:video-decoder-webm-vp8: 9c59270c3fd7afecdb556c50c9e8de78 -> 
  custom:audio-decoder-ogg-vorbis: bf7c407c2cedff20999df2af8eb42d56 -> 
========================================================================
Received Import Request.
  Time since last request: 208.750687 seconds.
  path: Assets/laxer Assets/Terrain Shader/Textures/grass height.png
  artifactKey: Guid(94a77f96a0dd24b448bc60b30307a79d) Importer(815301076,1909f56bfc062723c751e8b465ee728b)
Start importing Assets/laxer Assets/Terrain Shader/Textures/grass height.png using Guid(94a77f96a0dd24b448bc60b30307a79d) Importer(815301076,1909f56bfc062723c751e8b465ee728b)  -> (artifact id: '3c04158ffc8a8fe74572c799a188dec8') in 0.093626 seconds 
========================================================================
Received Import Request.
  Time since last request: 53.846717 seconds.
  path: Assets/Numena
  artifactKey: Guid(cddbd7f6206e37744a228007b957a2dd) Importer(815301076,1909f56bfc062723c751e8b465ee728b)
Start importing Assets/Numena using Guid(cddbd7f6206e37744a228007b957a2dd) Importer(815301076,1909f56bfc062723c751e8b465ee728b)  -> (artifact id: 'a031613a55b419bee02dea2798712365') in 0.008113 seconds 
========================================================================
Received Import Request.
  Time since last request: 0.747806 seconds.
  path: Assets/Numena/Plants
  artifactKey: Guid(db9fc706eecde534bb412dc5d5932db3) Importer(815301076,1909f56bfc062723c751e8b465ee728b)
Start importing Assets/Numena/Plants using Guid(db9fc706eecde534bb412dc5d5932db3) Importer(815301076,1909f56bfc062723c751e8b465ee728b)  -> (artifact id: '61212577bed993a3dad84413b90fbee6') in 0.010069 seconds 
========================================================================
Received Import Request.
  Time since last request: 0.577847 seconds.
  path: Assets/Numena/Plants/Lemon
  artifactKey: Guid(021a72438bdd6774e95fe64ea2f45f09) Importer(815301076,1909f56bfc062723c751e8b465ee728b)
Start importing Assets/Numena/Plants/Lemon using Guid(021a72438bdd6774e95fe64ea2f45f09) Importer(815301076,1909f56bfc062723c751e8b465ee728b)  -> (artifact id: '00f2b658896626dbe050e94f64e6be9a') in 0.038279 seconds 
========================================================================
Received Import Request.
  Time since last request: 0.010127 seconds.
  path: Assets/Numena/Plants/Lemon/Lemon Tree 1.prefab
  artifactKey: Guid(3c98bb4bee2f2ba4b92a2fbca7b8831f) Importer(815301076,1909f56bfc062723c751e8b465ee728b)
Start importing Assets/Numena/Plants/Lemon/Lemon Tree 1.prefab using Guid(3c98bb4bee2f2ba4b92a2fbca7b8831f) Importer(815301076,1909f56bfc062723c751e8b465ee728b)  -> (artifact id: 'b782c52003213d7eacaba32d2fcb4eb0') in 0.388033 seconds 
========================================================================
Received Import Request.
  Time since last request: 0.000028 seconds.
  path: Assets/Numena/Plants/Lemon/Lemon Tree 4.prefab
  artifactKey: Guid(f1ac1674b1044b940a5e6f1e32750350) Importer(815301076,1909f56bfc062723c751e8b465ee728b)
Start importing Assets/Numena/Plants/Lemon/Lemon Tree 4.prefab using Guid(f1ac1674b1044b940a5e6f1e32750350) Importer(815301076,1909f56bfc062723c751e8b465ee728b)  -> (artifact id: '8d13a42fd9c404f2a43900961a8ae2a5') in 0.042250 seconds 
========================================================================
Received Import Request.
  Time since last request: 148.733584 seconds.
  path: Assets/3D Haven/Free Fantasy Terrain Textures/Textures/512 Resolution/3DH FTT Cliff_001 512.png
  artifactKey: Guid(52ac2f0d3701b244e9cdb2c827e5a26e) Importer(815301076,1909f56bfc062723c751e8b465ee728b)
Start importing Assets/3D Haven/Free Fantasy Terrain Textures/Textures/512 Resolution/3DH FTT Cliff_001 512.png using Guid(52ac2f0d3701b244e9cdb2c827e5a26e) Importer(815301076,1909f56bfc062723c751e8b465ee728b)  -> (artifact id: '737e1c1b51e85662249c773f129aa02b') in 0.148751 seconds 
========================================================================
Received Import Request.
  Time since last request: 0.000051 seconds.
  path: Assets/3D Haven/Free Fantasy Terrain Textures/Textures/512 Resolution/3DH FTT Grass_002 Dirt_001 512.png
  artifactKey: Guid(b51199bf4e33f7046bb9ffa5225c5b5a) Importer(815301076,1909f56bfc062723c751e8b465ee728b)
Start importing Assets/3D Haven/Free Fantasy Terrain Textures/Textures/512 Resolution/3DH FTT Grass_002 Dirt_001 512.png using Guid(b51199bf4e33f7046bb9ffa5225c5b5a) Importer(815301076,1909f56bfc062723c751e8b465ee728b)  -> (artifact id: '0ca56f8b5cd7a809173317b09490cd9a') in 0.045962 seconds 
========================================================================
Received Import Request.
  Time since last request: 0.000043 seconds.
  path: Assets/3D Haven/Free Fantasy Terrain Textures/Textures/512 Resolution/3DH FTT ForestGround_001 512.png
  artifactKey: Guid(528c5f3232cf1264e81ef200d8b1b1c3) Importer(815301076,1909f56bfc062723c751e8b465ee728b)
Start importing Assets/3D Haven/Free Fantasy Terrain Textures/Textures/512 Resolution/3DH FTT ForestGround_001 512.png using Guid(528c5f3232cf1264e81ef200d8b1b1c3) Importer(815301076,1909f56bfc062723c751e8b465ee728b)  -> (artifact id: '15b57d271e7759d2326ecc5fdabe3a77') in 0.054571 seconds 
========================================================================
Received Import Request.
  Time since last request: 0.000033 seconds.
  path: Assets/3D Haven/Free Fantasy Terrain Textures/Textures/512 Resolution/3DH FTT Rocks_001 512.png
  artifactKey: Guid(7198870afb04d514d9c69bf52fe69607) Importer(815301076,1909f56bfc062723c751e8b465ee728b)
Start importing Assets/3D Haven/Free Fantasy Terrain Textures/Textures/512 Resolution/3DH FTT Rocks_001 512.png using Guid(7198870afb04d514d9c69bf52fe69607) Importer(815301076,1909f56bfc062723c751e8b465ee728b)  -> (artifact id: '3e0f0c78f08c4259c0b9215594767144') in 0.017132 seconds 
========================================================================
Received Import Request.
  Time since last request: 0.000033 seconds.
  path: Assets/3D Haven/Free Fantasy Terrain Textures/Textures/512 Resolution/3DH FTT Path_001 Abandoned_004 512.png
  artifactKey: Guid(eb9a518448715064b9d4a5a0188572a6) Importer(815301076,1909f56bfc062723c751e8b465ee728b)
Start importing Assets/3D Haven/Free Fantasy Terrain Textures/Textures/512 Resolution/3DH FTT Path_001 Abandoned_004 512.png using Guid(eb9a518448715064b9d4a5a0188572a6) Importer(815301076,1909f56bfc062723c751e8b465ee728b)  -> (artifact id: '5b2dbdf9e21c3ce710ca8c5c579d8afe') in 0.042357 seconds 
========================================================================
Received Import Request.
  Time since last request: 0.000029 seconds.
  path: Assets/3D Haven/Free Fantasy Terrain Textures/Textures/512 Resolution/3DH FTT Rocks_001_Mossy 512.png
  artifactKey: Guid(de43761ab1ee3844db1d820dd91ea7d8) Importer(815301076,1909f56bfc062723c751e8b465ee728b)
Start importing Assets/3D Haven/Free Fantasy Terrain Textures/Textures/512 Resolution/3DH FTT Rocks_001_Mossy 512.png using Guid(de43761ab1ee3844db1d820dd91ea7d8) Importer(815301076,1909f56bfc062723c751e8b465ee728b)  -> (artifact id: 'bad55c73eff14ea66bca5fc30c7dfbd6') in 0.084493 seconds 
========================================================================
Received Import Request.
  Time since last request: 0.000039 seconds.
  path: Assets/3D Haven/Free Fantasy Terrain Textures/Textures/512 Resolution/3DH FTT Grass_002 Rocks_001 512.png
  artifactKey: Guid(d26813dc343c7464ba32a4902c04f189) Importer(815301076,1909f56bfc062723c751e8b465ee728b)
Start importing Assets/3D Haven/Free Fantasy Terrain Textures/Textures/512 Resolution/3DH FTT Grass_002 Rocks_001 512.png using Guid(d26813dc343c7464ba32a4902c04f189) Importer(815301076,1909f56bfc062723c751e8b465ee728b)  -> (artifact id: 'd2a8e351d92ff6fd018ee55f32b81718') in 0.015406 seconds 
========================================================================
Received Import Request.
  Time since last request: 0.000040 seconds.
  path: Assets/3D Haven/Free Fantasy Terrain Textures/Textures/512 Resolution/3DH FTT Dirt_001_Mossy 512.png
  artifactKey: Guid(119c901765305d24aabfb0056fc85fc6) Importer(815301076,1909f56bfc062723c751e8b465ee728b)
Start importing Assets/3D Haven/Free Fantasy Terrain Textures/Textures/512 Resolution/3DH FTT Dirt_001_Mossy 512.png using Guid(119c901765305d24aabfb0056fc85fc6) Importer(815301076,1909f56bfc062723c751e8b465ee728b)  -> (artifact id: '70d434ff04a6c0aa28fc53e74dfc8376') in 0.031765 seconds 
========================================================================
Received Import Request.
  Time since last request: 0.000030 seconds.
  path: Assets/3D Haven/Free Fantasy Terrain Textures/Textures/512 Resolution/3DH FTT Path_001 ForestGround_001 512.png
  artifactKey: Guid(637d4935d0bf3034eb6a52de873c60cb) Importer(815301076,1909f56bfc062723c751e8b465ee728b)
Start importing Assets/3D Haven/Free Fantasy Terrain Textures/Textures/512 Resolution/3DH FTT Path_001 ForestGround_001 512.png using Guid(637d4935d0bf3034eb6a52de873c60cb) Importer(815301076,1909f56bfc062723c751e8b465ee728b)  -> (artifact id: 'd3f29577d21798f1f11d7bb6c0bd553f') in 0.054697 seconds 
========================================================================
Received Import Request.
  Time since last request: 0.000029 seconds.
  path: Assets/3D Haven/Free Fantasy Terrain Textures/Textures/512 Resolution/3DH FTT Grass_002 Grass_001a 512.png
  artifactKey: Guid(d9470477fefdd8242ab17cb54b821558) Importer(815301076,1909f56bfc062723c751e8b465ee728b)
Start importing Assets/3D Haven/Free Fantasy Terrain Textures/Textures/512 Resolution/3DH FTT Grass_002 Grass_001a 512.png using Guid(d9470477fefdd8242ab17cb54b821558) Importer(815301076,1909f56bfc062723c751e8b465ee728b)  -> (artifact id: '3c8d99af5c40610aa1dd3ba853310c0b') in 0.033414 seconds 
========================================================================
Received Import Request.
  Time since last request: 2.644845 seconds.
  path: Assets/3D Haven/Free Fantasy Terrain Textures/Textures/512 Resolution
  artifactKey: Guid(71be8e6f8376d7440aaeda70b263b12f) Importer(815301076,1909f56bfc062723c751e8b465ee728b)
Start importing Assets/3D Haven/Free Fantasy Terrain Textures/Textures/512 Resolution using Guid(71be8e6f8376d7440aaeda70b263b12f) Importer(815301076,1909f56bfc062723c751e8b465ee728b)  -> (artifact id: '7a47759c1748acacd20b7f7ba4e81336') in 0.010047 seconds 
========================================================================
Received Import Request.
  Time since last request: 6.501789 seconds.
  path: Assets/3D Haven/Free Fantasy Terrain Textures/Demo/Terrains/Terrain Layers/3DH FTT Cliff_001 4K.terrainlayer
  artifactKey: Guid(af62f0aef08bceb4298446c1387ac4aa) Importer(815301076,1909f56bfc062723c751e8b465ee728b)
Start importing Assets/3D Haven/Free Fantasy Terrain Textures/Demo/Terrains/Terrain Layers/3DH FTT Cliff_001 4K.terrainlayer using Guid(af62f0aef08bceb4298446c1387ac4aa) Importer(815301076,1909f56bfc062723c751e8b465ee728b)  -> (artifact id: 'a9199b3bce1e9ac156d1228aadfde838') in 0.096791 seconds 
========================================================================
Received Import Request.
  Time since last request: 0.000030 seconds.
  path: Assets/3D Haven/Free Fantasy Terrain Textures/Demo/Terrains/Terrain Layers/3DH FTT Path_001 Sand_001 2K.terrainlayer
  artifactKey: Guid(29c898037775222499beb16cf5396959) Importer(815301076,1909f56bfc062723c751e8b465ee728b)
Start importing Assets/3D Haven/Free Fantasy Terrain Textures/Demo/Terrains/Terrain Layers/3DH FTT Path_001 Sand_001 2K.terrainlayer using Guid(29c898037775222499beb16cf5396959) Importer(815301076,1909f56bfc062723c751e8b465ee728b)  -> (artifact id: 'a5e12ce8066cc4e7d0f1309979d863b7') in 0.033257 seconds 
========================================================================
Received Import Request.
  Time since last request: 0.000047 seconds.
  path: Assets/3D Haven/Free Fantasy Terrain Textures/Demo/Terrains/Terrain Layers/3DH FTT Grass_002 Grass_001a 2K.terrainlayer
  artifactKey: Guid(07c9ca18486f898439edaefaba690060) Importer(815301076,1909f56bfc062723c751e8b465ee728b)
Start importing Assets/3D Haven/Free Fantasy Terrain Textures/Demo/Terrains/Terrain Layers/3DH FTT Grass_002 Grass_001a 2K.terrainlayer using Guid(07c9ca18486f898439edaefaba690060) Importer(815301076,1909f56bfc062723c751e8b465ee728b)  -> (artifact id: 'baf97a4f87a6e3e863e2eb20110a0db3') in 0.020615 seconds 
========================================================================
Received Import Request.
  Time since last request: 0.000035 seconds.
  path: Assets/3D Haven/Free Fantasy Terrain Textures/Demo/Terrains/Terrain Layers/3DH FTT Rocks_001 2K.terrainlayer
  artifactKey: Guid(6d443e1e2285fb84c8b69efaff7876a1) Importer(815301076,1909f56bfc062723c751e8b465ee728b)
Start importing Assets/3D Haven/Free Fantasy Terrain Textures/Demo/Terrains/Terrain Layers/3DH FTT Rocks_001 2K.terrainlayer using Guid(6d443e1e2285fb84c8b69efaff7876a1) Importer(815301076,1909f56bfc062723c751e8b465ee728b)  -> (artifact id: 'ba72ade07682be2c75843aff12417b0d') in 0.070732 seconds 
========================================================================
Received Import Request.
  Time since last request: 0.000033 seconds.
  path: Assets/3D Haven/Free Fantasy Terrain Textures/Demo/Terrains/Terrain Layers/3DH FTT Path_001 Abandoned_002 2K.terrainlayer
  artifactKey: Guid(f06c1031f98d72d4fbd121bf4167889f) Importer(815301076,1909f56bfc062723c751e8b465ee728b)
Start importing Assets/3D Haven/Free Fantasy Terrain Textures/Demo/Terrains/Terrain Layers/3DH FTT Path_001 Abandoned_002 2K.terrainlayer using Guid(f06c1031f98d72d4fbd121bf4167889f) Importer(815301076,1909f56bfc062723c751e8b465ee728b)  -> (artifact id: '154f673cea168a73a0a4517b8e85b684') in 0.019652 seconds 
========================================================================
Received Import Request.
  Time since last request: 0.000026 seconds.
  path: Assets/3D Haven/Free Fantasy Terrain Textures/Demo/Terrains/Terrain Layers/3DH FTT Path_001 Abandoned_004 2K.terrainlayer
  artifactKey: Guid(8cf7d7763ae0a5a45beec7ce335f4e1e) Importer(815301076,1909f56bfc062723c751e8b465ee728b)
Start importing Assets/3D Haven/Free Fantasy Terrain Textures/Demo/Terrains/Terrain Layers/3DH FTT Path_001 Abandoned_004 2K.terrainlayer using Guid(8cf7d7763ae0a5a45beec7ce335f4e1e) Importer(815301076,1909f56bfc062723c751e8b465ee728b)  -> (artifact id: '8ffa38acc0e23a8866a30bed0d3a9271') in 0.034857 seconds 
========================================================================
Received Import Request.
  Time since last request: 9.880287 seconds.
  path: Assets/3D Haven/Free Fantasy Terrain Textures/Demo/Terrains/Terrain Layers/3DH FTT Rocks_001_Mossy 2K.terrainlayer
  artifactKey: Guid(c759e8d92b830eb468aaa44210082b87) Importer(815301076,1909f56bfc062723c751e8b465ee728b)
Start importing Assets/3D Haven/Free Fantasy Terrain Textures/Demo/Terrains/Terrain Layers/3DH FTT Rocks_001_Mossy 2K.terrainlayer using Guid(c759e8d92b830eb468aaa44210082b87) Importer(815301076,1909f56bfc062723c751e8b465ee728b)  -> (artifact id: 'f94dfd2d144d94043cb732daf5f116ad') in 0.018993 seconds 
========================================================================
Received Import Request.
  Time since last request: 2.314631 seconds.
  path: Assets/3D Haven/Free Fantasy Terrain Textures/Textures/1K Resolution/3DH FTT Sand_001 1K.png
  artifactKey: Guid(937e2b9ff53f9894b87e3d6d1954ccd7) Importer(815301076,1909f56bfc062723c751e8b465ee728b)
Start importing Assets/3D Haven/Free Fantasy Terrain Textures/Textures/1K Resolution/3DH FTT Sand_001 1K.png using Guid(937e2b9ff53f9894b87e3d6d1954ccd7) Importer(815301076,1909f56bfc062723c751e8b465ee728b)  -> (artifact id: '54691394cf228017dd0926f78a55a389') in 0.018101 seconds 
========================================================================
Received Import Request.
  Time since last request: 51.664390 seconds.
  path: Assets/3D Haven/Free Fantasy Terrain Textures/Textures/2K Resolution/3DH FTT Dirt_001 2K.png
  artifactKey: Guid(f7e09274236a49c4ba205de0738a1886) Importer(815301076,1909f56bfc062723c751e8b465ee728b)
Start importing Assets/3D Haven/Free Fantasy Terrain Textures/Textures/2K Resolution/3DH FTT Dirt_001 2K.png using Guid(f7e09274236a49c4ba205de0738a1886) Importer(815301076,1909f56bfc062723c751e8b465ee728b)  -> (artifact id: 'fb8440457b96a91d2265a770e10f8262') in 0.016457 seconds 
========================================================================
Received Import Request.
  Time since last request: 66.615666 seconds.
  path: Assets/Ground.asset
  artifactKey: Guid(3542c99bd9e9f9f4fa3457a99891110a) Importer(815301076,1909f56bfc062723c751e8b465ee728b)
Start importing Assets/Ground.asset using Guid(3542c99bd9e9f9f4fa3457a99891110a) Importer(815301076,1909f56bfc062723c751e8b465ee728b) The tree Lemon Tree 1 must use the Nature/Soft Occlusion shader. Otherwise billboarding/lighting will not work correctly.
 -> (artifact id: 'eb503955b2027db274c6e954299497b8') in 0.034316 seconds 
========================================================================
Received Import Request.
  Time since last request: 9.195823 seconds.
  path: Assets/laxer Assets/Terrain Shader/Models/giant rock.fbx
  artifactKey: Guid(9ff5a610c9686b649bed0bbe1fb2e769) Importer(815301076,1909f56bfc062723c751e8b465ee728b)
Start importing Assets/laxer Assets/Terrain Shader/Models/giant rock.fbx using Guid(9ff5a610c9686b649bed0bbe1fb2e769) Importer(815301076,1909f56bfc062723c751e8b465ee728b)  -> (artifact id: 'fea4ea305e5a19028a0f7bff15a2cbd5') in 1.062321 seconds 
========================================================================
Received Import Request.
  Time since last request: 0.000037 seconds.
  path: Assets/laxer Assets/Terrain Shader/Models/New Terrain 13.asset
  artifactKey: Guid(35e9881cefe221248aa0424a55efb7dc) Importer(815301076,1909f56bfc062723c751e8b465ee728b)
Start importing Assets/laxer Assets/Terrain Shader/Models/New Terrain 13.asset using Guid(35e9881cefe221248aa0424a55efb7dc) Importer(815301076,1909f56bfc062723c751e8b465ee728b)  -> (artifact id: 'a2d038a72db2a71c23b0b9cbcaaa5889') in 0.181377 seconds 
========================================================================
Received Import Request.
  Time since last request: 5.536343 seconds.
  path: Assets/laxer Assets/Terrain Shader/Models/Materials/None__giant_rock_normals.mat
  artifactKey: Guid(480368a0c55754148a62a189b45ce138) Importer(815301076,1909f56bfc062723c751e8b465ee728b)
Start importing Assets/laxer Assets/Terrain Shader/Models/Materials/None__giant_rock_normals.mat using Guid(480368a0c55754148a62a189b45ce138) Importer(815301076,1909f56bfc062723c751e8b465ee728b)  -> (artifact id: 'f9393d819f14b4c26b49a566c4f91b51') in 0.297346 seconds 
========================================================================
Received Import Request.
  Time since last request: 2.586526 seconds.
  path: Assets/laxer Assets/Terrain Shader/Models/Tree 3_Textures/diffuse.png
  artifactKey: Guid(4c406809f0e94b34a925d2e560ddb1ed) Importer(815301076,1909f56bfc062723c751e8b465ee728b)
Start importing Assets/laxer Assets/Terrain Shader/Models/Tree 3_Textures/diffuse.png using Guid(4c406809f0e94b34a925d2e560ddb1ed) Importer(815301076,1909f56bfc062723c751e8b465ee728b)  -> (artifact id: '68e598ec09d9e6a95fdd9a1de1f64ee9') in 0.062384 seconds 
========================================================================
Received Import Request.
  Time since last request: 0.000028 seconds.
  path: Assets/laxer Assets/Terrain Shader/Models/Tree 3_Textures/shadow.png
  artifactKey: Guid(46f5616f0961d694e830b1e3ef2185e7) Importer(815301076,1909f56bfc062723c751e8b465ee728b)
Start importing Assets/laxer Assets/Terrain Shader/Models/Tree 3_Textures/shadow.png using Guid(46f5616f0961d694e830b1e3ef2185e7) Importer(815301076,1909f56bfc062723c751e8b465ee728b)  -> (artifact id: '67ea2768e1af78148b7b489abbc706e2') in 0.039869 seconds 
========================================================================
Received Import Request.
  Time since last request: 3.127806 seconds.
  path: Assets/laxer Assets/Terrain Shader/Models/Tree 3_Textures
  artifactKey: Guid(efdce8300035c11418bc059fd8be8abb) Importer(815301076,1909f56bfc062723c751e8b465ee728b)
Start importing Assets/laxer Assets/Terrain Shader/Models/Tree 3_Textures using Guid(efdce8300035c11418bc059fd8be8abb) Importer(815301076,1909f56bfc062723c751e8b465ee728b)  -> (artifact id: '3db966bda19b3a315824841a648a3fc5') in 0.022337 seconds 
========================================================================
Received Prepare
Registering precompiled user dll's ...
Registered in 0.010179 seconds.
Begin MonoManager ReloadAssembly
Symbol file LoadedFromMemory doesn't match image D:\Code\Unity\CoopProjects\PistoletovGame\Game\Library\PackageCache\com.unity.visualscripting@1.8.0\Editor\VisualScripting.Core\Dependencies\YamlDotNet\Unity.VisualScripting.YamlDotNet.dll
Symbol file LoadedFromMemory doesn't match image D:\Code\Unity\CoopProjects\PistoletovGame\Game\Library\PackageCache\com.unity.visualscripting@1.8.0\Editor\VisualScripting.Core\Dependencies\DotNetZip\Unity.VisualScripting.IonicZip.dll
Native extension for WindowsStandalone target not found
Native extension for WebGL target not found
Refreshing native plugins compatible for Editor in 0.64 ms, found 3 plugins.
Preloading 0 native plugins for Editor in 0.00 ms.
Mono: successfully reloaded assembly
- Completed reload, in  1.319 seconds
Domain Reload Profiling:
	ReloadAssembly (1320ms)
		BeginReloadAssembly (207ms)
			ExecutionOrderSort (0ms)
			DisableScriptedObjects (7ms)
			BackupInstance (0ms)
			ReleaseScriptingObjects (0ms)
			CreateAndSetChildDomain (73ms)
		EndReloadAssembly (991ms)
			LoadAssemblies (117ms)
			RebuildTransferFunctionScriptingTraits (0ms)
			SetupTypeCache (354ms)
			ReleaseScriptCaches (1ms)
			RebuildScriptCaches (45ms)
			SetupLoadedEditorAssemblies (444ms)
				LogAssemblyErrors (0ms)
				InitializePlatformSupportModulesInManaged (7ms)
				SetLoadedEditorAssemblies (1ms)
				RefreshPlugins (1ms)
				BeforeProcessingInitializeOnLoad (80ms)
				ProcessInitializeOnLoadAttributes (327ms)
				ProcessInitializeOnLoadMethodAttributes (24ms)
				AfterProcessingInitializeOnLoad (5ms)
				EditorAssembliesLoaded (0ms)
			ExecutionOrderSort2 (0ms)
			AwakeInstancesAfterBackupRestoration (9ms)
Platform modules already initialized, skipping
Refreshing native plugins compatible for Editor in 2.63 ms, found 3 plugins.
Preloading 0 native plugins for Editor in 0.00 ms.
Unloading 3079 Unused Serialized files (Serialized files now loaded: 0)
Unloading 27 unused Assets / (83.8 KB). Loaded Objects now: 3621.
Memory consumption went from 139.8 MB to 139.8 MB.
Total: 3.903200 ms (FindLiveObjects: 0.318000 ms CreateObjectMapping: 0.101900 ms MarkObjects: 3.335100 ms  DeleteObjects: 0.147100 ms)

AssetImportParameters requested are different than current active one (requested -> active):
  custom:video-decoder-ogg-theora: a1e56fd34408186e4bbccfd4996cb3dc -> 
  custom:container-muxer-webm: aa71ff27fc2769a1b78a27578f13a17b -> 
  custom:container-demuxer-webm: 4f35f7cbe854078d1ac9338744f61a02 -> 
  custom:video-encoder-webm-vp8: eb34c28f22e8b96e1ab97ce403110664 -> 
  custom:audio-encoder-webm-vorbis: bf7c407c2cedff20999df2af8eb42d56 -> 
  custom:framework-win-MediaFoundation: 216162199b28c13a410421893ffa2e32 -> 
  custom:container-demuxer-ogg: 62fdf1f143b41e24485cea50d1cbac27 -> 
  custom:video-decoder-webm-vp8: 9c59270c3fd7afecdb556c50c9e8de78 -> 
  custom:audio-decoder-ogg-vorbis: bf7c407c2cedff20999df2af8eb42d56 -> 
========================================================================
Received Prepare
Registering precompiled user dll's ...
Registered in 0.012409 seconds.
Begin MonoManager ReloadAssembly
Symbol file LoadedFromMemory doesn't match image D:\Code\Unity\CoopProjects\PistoletovGame\Game\Library\PackageCache\com.unity.visualscripting@1.8.0\Editor\VisualScripting.Core\Dependencies\YamlDotNet\Unity.VisualScripting.YamlDotNet.dll
Symbol file LoadedFromMemory doesn't match image D:\Code\Unity\CoopProjects\PistoletovGame\Game\Library\PackageCache\com.unity.visualscripting@1.8.0\Editor\VisualScripting.Core\Dependencies\DotNetZip\Unity.VisualScripting.IonicZip.dll
Native extension for WindowsStandalone target not found
Native extension for WebGL target not found
Refreshing native plugins compatible for Editor in 0.64 ms, found 3 plugins.
Preloading 0 native plugins for Editor in 0.00 ms.
Mono: successfully reloaded assembly
- Completed reload, in  1.252 seconds
Domain Reload Profiling:
	ReloadAssembly (1253ms)
		BeginReloadAssembly (169ms)
			ExecutionOrderSort (0ms)
			DisableScriptedObjects (8ms)
			BackupInstance (0ms)
			ReleaseScriptingObjects (0ms)
			CreateAndSetChildDomain (39ms)
		EndReloadAssembly (962ms)
			LoadAssemblies (114ms)
			RebuildTransferFunctionScriptingTraits (0ms)
			SetupTypeCache (321ms)
			ReleaseScriptCaches (1ms)
			RebuildScriptCaches (46ms)
			SetupLoadedEditorAssemblies (451ms)
				LogAssemblyErrors (0ms)
				InitializePlatformSupportModulesInManaged (7ms)
				SetLoadedEditorAssemblies (1ms)
				RefreshPlugins (1ms)
				BeforeProcessingInitializeOnLoad (80ms)
				ProcessInitializeOnLoadAttributes (335ms)
				ProcessInitializeOnLoadMethodAttributes (22ms)
				AfterProcessingInitializeOnLoad (5ms)
				EditorAssembliesLoaded (0ms)
			ExecutionOrderSort2 (0ms)
			AwakeInstancesAfterBackupRestoration (8ms)
Platform modules already initialized, skipping
Refreshing native plugins compatible for Editor in 2.57 ms, found 3 plugins.
Preloading 0 native plugins for Editor in 0.00 ms.
Unloading 3079 Unused Serialized files (Serialized files now loaded: 0)
Unloading 27 unused Assets / (83.5 KB). Loaded Objects now: 3624.
Memory consumption went from 139.8 MB to 139.8 MB.
Total: 3.753500 ms (FindLiveObjects: 0.282300 ms CreateObjectMapping: 0.145900 ms MarkObjects: 3.180800 ms  DeleteObjects: 0.143500 ms)

AssetImportParameters requested are different than current active one (requested -> active):
  custom:video-decoder-ogg-theora: a1e56fd34408186e4bbccfd4996cb3dc -> 
  custom:container-muxer-webm: aa71ff27fc2769a1b78a27578f13a17b -> 
  custom:container-demuxer-webm: 4f35f7cbe854078d1ac9338744f61a02 -> 
  custom:video-encoder-webm-vp8: eb34c28f22e8b96e1ab97ce403110664 -> 
  custom:audio-encoder-webm-vorbis: bf7c407c2cedff20999df2af8eb42d56 -> 
  custom:framework-win-MediaFoundation: 216162199b28c13a410421893ffa2e32 -> 
  custom:container-demuxer-ogg: 62fdf1f143b41e24485cea50d1cbac27 -> 
  custom:video-decoder-webm-vp8: 9c59270c3fd7afecdb556c50c9e8de78 -> 
  custom:audio-decoder-ogg-vorbis: bf7c407c2cedff20999df2af8eb42d56 -> 
